<?xml version="1.0" encoding="UTF-8" ?>
<testsuite failures="0" time="23.436" errors="0" skipped="0" tests="8" name="com.pongme.tests.TestRepository">
  <properties>
[...]
</properties>
  <testcase time="6.964" classname="com.pongme.tests.TestRepository" name="should_connect_to_mongo"/>
  <testcase time="0" classname="com.pongme.tests.TestRepository" name="should_exist_a_database_named_pongme"/>
  <testcase time="0" classname="com.pongme.tests.TestRepository" name="should_exist_adequate_collections_in_pongmeDB"/>
  <testcase time="0" classname="com.pongme.tests.TestRepository" name="should_repository_not_be_null"/>
  <testcase time="11.459" classname="com.pongme.tests.TestRepository" name="should_find_the_document_by_its_title"/>
  <testcase time="1.219" classname="com.pongme.tests.TestRepository" name="should_find_all_items_incategory_arbre_is_size_32"/>
  <testcase time="0.631" classname="com.pongme.tests.TestRepository" name="should_given_point_in_neighborhood"/>
  <testcase time="0.111" classname="com.pongme.tests.TestRepository" name="should_given_point_in_neighborhood_with_given_category"/>
</testsuite>